尝试加载配置文件：/data/test/config.yaml

=== 开始检查容器运行时间 (2024-11-16 12:30:01) ===

检查容器：lanzetian-server1-1731760150
运行时间：0.0小时
时间限制：168小时
容器运行时间正常，继续运行

检查容器：user1-server1-1731758194
运行时间：0.6小时
时间限制：72小时
容器运行时间正常，继续运行

检查容器：lanzetian-server1-1731758076
运行时间：0.6小时
时间限制：168小时
容器运行时间正常，继续运行

检查容器：lanzetian-server1-1731757717
运行时间：0.7小时
时间限制：168小时
容器运行时间正常，继续运行

检查容器：lanzetian-server2-1731754425
运行时间：2.0小时
时间限制：168小时
容器运行时间正常，继续运行

=== 检查完成 ===
尝试加载配置文件：/data/test/config.yaml

=== 开始检查容器运行时间 (2024-11-16 12:40:01) ===

检查容器：lanzetian-server1-1731760697
运行时间：0.0小时
时间限制：168小时
容器运行时间正常，继续运行

检查容器：lanzetian-server1-1731760150
