加载配置文件失败：[Errno 2] No such file or directory: 'config.yaml'

=== 开始检查容器运行时间 (2024-11-16 06:20:01) ===
检查过程中出错：'NoneType' object is not subscriptable
加载配置文件失败：[Errno 2] No such file or directory: 'config.yaml'

=== 开始检查容器运行时间 (2024-11-16 06:30:02) ===
检查过程中出错：'NoneType' object is not subscriptable
加载配置文件失败：[Errno 2] No such file or directory: 'config.yaml'

=== 开始检查容器运行时间 (2024-11-16 06:40:01) ===
检查过程中出错：'NoneType' object is not subscriptable
加载配置文件失败：[Errno 2] No such file or directory: 'config.yaml'

=== 开始检查容器运行时间 (2024-11-16 06:50:01) ===
检查过程中出错：'NoneType' object is not subscriptable
加载配置文件失败：[Errno 2] No such file or directory: 'config.yaml'

=== 开始检查容器运行时间 (2024-11-16 07:00:02) ===
检查过程中出错：'NoneType' object is not subscriptable
加载配置文件失败：[Errno 2] No such file or directory: 'config.yaml'

=== 开始检查容器运行时间 (2024-11-16 07:10:01) ===
检查过程中出错：'NoneType' object is not subscriptable
加载配置文件失败：[Errno 2] No such file or directory: 'config.yaml'

=== 开始检查容器运行时间 (2024-11-16 07:20:01) ===
检查过程中出错：'NoneType' object is not subscriptable
加载配置文件失败：[Errno 2] No such file or directory: 'config.yaml'

=== 开始检查容器运行时间 (2024-11-16 07:30:01) ===
检查过程中出错：'NoneType' object is not subscriptable
加载配置文件失败：[Errno 2] No such file or directory: 'config.yaml'

=== 开始检查容器运行时间 (2024-11-16 07:40:01) ===
检查过程中出错：'NoneType' object is not subscriptable
加载配置文件失败：[Errno 2] No such file or directory: 'config.yaml'

=== 开始检查容器运行时间 (2024-11-16 07:50:01) ===
检查过程中出错：'NoneType' object is not subscriptable
加载配置文件失败：[Errno 2] No such file or directory: 'config.yaml'

=== 开始检查容器运行时间 (2024-11-16 08:00:02) ===
检查过程中出错：'NoneType' object is not subscriptable
加载配置文件失败：[Errno 2] No such file or directory: 'config.yaml'

=== 开始检查容器运行时间 (2024-11-16 08:10:01) ===
检查过程中出错：'NoneType' object is not subscriptable
加载配置文件失败：[Errno 2] No such file or directory: 'config.yaml'

=== 开始检查容器运行时间 (2024-11-16 08:20:01) ===
检查过程中出错：'NoneType' object is not subscriptable
加载配置文件失败：[Errno 2] No such file or directory: 'config.yaml'

=== 开始检查容器运行时间 (2024-11-16 08:30:01) ===
检查过程中出错：'NoneType' object is not subscriptable
加载配置文件失败：[Errno 2] No such file or directory: 'config.yaml'

=== 开始检查容器运行时间 (2024-11-16 08:40:01) ===
检查过程中出错：'NoneType' object is not subscriptable
加载配置文件失败：[Errno 2] No such file or directory: 'config.yaml'

=== 开始检查容器运行时间 (2024-11-16 08:50:01) ===
检查过程中出错：'NoneType' object is not subscriptable
加载配置文件失败：[Errno 2] No such file or directory: 'config.yaml'

=== 开始检查容器运行时间 (2024-11-16 09:00:01) ===
检查过程中出错：'NoneType' object is not subscriptable
加载配置文件失败：[Errno 2] No such file or directory: 'config.yaml'

=== 开始检查容器运行时间 (2024-11-16 09:10:02) ===
检查过程中出错：'NoneType' object is not subscriptable
加载配置文件失败：[Errno 2] No such file or directory: 'config.yaml'

=== 开始检查容器运行时间 (2024-11-16 09:20:01) ===
检查过程中出错：'NoneType' object is not subscriptable
加载配置文件失败：[Errno 2] No such file or directory: 'config.yaml'

=== 开始检查容器运行时间 (2024-11-16 09:30:01) ===
检查过程中出错：'NoneType' object is not subscriptable
加载配置文件失败：[Errno 2] No such file or directory: 'config.yaml'

=== 开始检查容器运行时间 (2024-11-16 09:40:01) ===
检查过程中出错：'NoneType' object is not subscriptable
加载配置文件失败：[Errno 2] No such file or directory: 'config.yaml'

=== 开始检查容器运行时间 (2024-11-16 09:50:01) ===
检查过程中出错：'NoneType' object is not subscriptable
加载配置文件失败：[Errno 2] No such file or directory: 'config.yaml'

=== 开始检查容器运行时间 (2024-11-16 10:00:01) ===
检查过程中出错：'NoneType' object is not subscriptable
加载配置文件失败：[Errno 2] No such file or directory: 'config.yaml'

=== 开始检查容器运行时间 (2024-11-16 10:10:01) ===
检查过程中出错：'NoneType' object is not subscriptable
加载配置文件失败：[Errno 2] No such file or directory: 'config.yaml'

=== 开始检查容器运行时间 (2024-11-16 10:20:02) ===
检查过程中出错：'NoneType' object is not subscriptable
尝试加载配置文件：/data/test/config.yaml

=== 开始检查容器运行时间 (2024-11-16 10:40:01) ===

检查容器：lanzetian-server1-1731737149
运行时间：5.0小时
时间限制：1小时
容器 lanzetian-server1-1731737149 已超过运行时间限制
用户：lanzetian
服务器：server1
已运行：5.0小时
限制时间：1小时

正在停止容器 lanzetian-server1-1731737149...
正在删除容器...
容器 lanzetian-server1-1731737149 已成功停止并删除
已停止超时容器：lanzetian-server1-1731737149

检查容器：lanzetian-server2-1731737550
运行时间：4.0小时
时间限制：1小时
容器 lanzetian-server2-1731737550 已超过运行时间限制
用户：lanzetian
服务器：server2
已运行：4.0小时
限制时间：1小时

正在停止容器 lanzetian-server2-1731737550...
正在删除容器...
容器 lanzetian-server2-1731737550 已成功停止并删除
已停止超时容器：lanzetian-server2-1731737550

=== 检查完成 ===
尝试加载配置文件：/data/test/config.yaml

=== 开始检查容器运行时间 (2024-11-16 10:50:01) ===
未发现正在运行的容器
尝试加载配置文件：/data/test/config.yaml

=== 开始检查容器运行时间 (2024-11-16 11:00:01) ===

检查容器：lanzetian-server2-1731754425
运行时间：0.1小时
时间限制：1小时
容器运行时间正常，继续运行

=== 检查完成 ===
尝试加载配置文件：/data/test/config.yaml

=== 开始检查容器运行时间 (2024-11-16 11:10:01) ===

检查容器：lanzetian-server2-1731754425
运行时间：0.3小时
时间限制：1小时
容器运行时间正常，继续运行

=== 检查完成 ===
尝试加载配置文件：/data/test/config.yaml

=== 开始检查容器运行时间 (2024-11-16 11:20:02) ===
已清理过期的任务记录

检查容器：lanzetian-server2-1731754425
运行时间：0.4小时
时间限制：1小时
容器运行时间正常，继续运行

=== 检查完成 ===
